<?xml version="1.0" encoding="UTF-8"?>
<testsuite xmlns:xsi="http://www.w3.org/2001/XMLSchema-instance" xsi:noNamespaceSchemaLocation="https://maven.apache.org/surefire/maven-surefire-plugin/xsd/surefire-test-report-3.0.xsd" version="3.0" name="all.goal.Lesson7.TeploCityTest" time="144.091" tests="1" errors="1" skipped="0" failures="0">
  <properties>
[...]
</properties>
  <testcase name="addToCart" classname="all.goal.Lesson7.TeploCityTest" time="143.738">
    <error type="org.openqa.selenium.TimeoutException"><![CDATA[org.openqa.selenium.TimeoutException: Expected condition failed: waiting for visibility of Proxy element for: DefaultElementLocator 'By.xpath: //*[contains(@class,'ty-btn ty-btn__primary')]/span[.='Корзина']/.' (tried for 5 second(s) with 500 milliseconds interval)
	at all.goal.Lesson7.TeploCityTest.addToCart(TeploCityTest.java:46)
Caused by: org.openqa.selenium.NoSuchElementException: 
no such element: Unable to locate element: {"method":"xpath","selector":"//*[contains(@class,'ty-btn ty-btn__primary')]/span[.='Корзина']/."}
  (Session info: chrome=100.0.4896.75)
For documentation on this error, please visit: https://selenium.dev/exceptions/#no_such_element
Build info: version: '4.1.2', revision: '9a5a329c5a'
System info: host: 'DESKTOP-PLVQETO', ip: '10.10.108.37', os.name: 'Windows 10', os.arch: 'amd64', os.version: '10.0', java.version: '18'
Driver info: org.openqa.selenium.chrome.ChromeDriver
Command: [054dee5d3f8fcd9e76412785abbddd0a, findElement {using=xpath, value=//*[contains(@class,'ty-btn ty-btn__primary')]/span[.='Корзина']/.}]
Capabilities {acceptInsecureCerts: false, browserName: chrome, browserVersion: 100.0.4896.75, chrome: {chromedriverVersion: 100.0.4896.60 (6a5d10861ce8..., userDataDir: C:\Users\HP2540~1\AppData\L...}, goog:chromeOptions: {debuggerAddress: localhost:63868}, javascriptEnabled: true, networkConnectionEnabled: false, pageLoadStrategy: normal, platform: WINDOWS, platformName: WINDOWS, proxy: Proxy(), se:cdp: ws://localhost:63868/devtoo..., se:cdpVersion: 100.0.4896.75, setWindowRect: true, strictFileInteractability: false, timeouts: {implicit: 0, pageLoad: 300000, script: 30000}, unhandledPromptBehavior: dismiss and notify, webauthn:extension:credBlob: true, webauthn:extension:largeBlob: true, webauthn:virtualAuthenticators: true}
Session ID: 054dee5d3f8fcd9e76412785abbddd0a
	at all.goal.Lesson7.TeploCityTest.addToCart(TeploCityTest.java:46)
]]></error>
    <system-out><![CDATA[12:52:42.063 [main] INFO  i.g.bonigarcia.wdm.WebDriverManager - Using chromedriver 100.0.4896.60 (resolved driver for Chrome 100)
12:52:42.122 [main] INFO  i.g.bonigarcia.wdm.WebDriverManager - Exporting webdriver.chrome.driver as C:\Users\HP 2540P Intel I7\.cache\selenium\chromedriver\win32\100.0.4896.60\chromedriver.exe
12:53:30.792 [main] INFO  all.goal.Lesson7.CustomLogger - Ищем элемент по локатору By.id: search_input
12:53:31.517 [main] INFO  all.goal.Lesson7.CustomLogger - Ищем элемент по локатору By.id: search_input
12:53:33.727 [main] INFO  all.goal.Lesson7.CustomLogger - Ищем элемент по локатору By.xpath: //button[@class='ty-search-magnifier']
12:54:58.363 [main] INFO  all.goal.Lesson7.CustomLogger - Ищем элемент по локатору By.xpath: //button[@class='ty-btn__primary ty-btn__add-to-cart cm-form-dialog-closer ty-btn']
12:54:59.025 [Forwarding actions on session 054dee5d3f8fcd9e76412785abbddd0a to remote] INFO  all.goal.Lesson7.CustomLogger - Ищем элемент по локатору By.xpath: //button[@class='ty-btn__primary ty-btn__add-to-cart cm-form-dialog-closer ty-btn']
12:54:59.529 [main] INFO  all.goal.Lesson7.CustomLogger - Ищем элемент по локатору By.xpath: //*[contains(@class,'ty-btn ty-btn__primary')]/span[.='Корзина']/.
12:55:00.117 [main] INFO  all.goal.Lesson7.CustomLogger - Ищем элемент по локатору By.xpath: //*[contains(@class,'ty-btn ty-btn__primary')]/span[.='Корзина']/.
12:55:00.993 [main] INFO  all.goal.Lesson7.CustomLogger - Ищем элемент по локатору By.xpath: //*[contains(@class,'ty-btn ty-btn__primary')]/span[.='Корзина']/.
12:55:01.531 [main] INFO  all.goal.Lesson7.CustomLogger - Ищем элемент по локатору By.xpath: //*[contains(@class,'ty-btn ty-btn__primary')]/span[.='Корзина']/.
12:55:02.053 [main] INFO  all.goal.Lesson7.CustomLogger - Ищем элемент по локатору By.xpath: //*[contains(@class,'ty-btn ty-btn__primary')]/span[.='Корзина']/.
12:55:02.575 [main] INFO  all.goal.Lesson7.CustomLogger - Ищем элемент по локатору By.xpath: //*[contains(@class,'ty-btn ty-btn__primary')]/span[.='Корзина']/.
12:55:03.110 [main] INFO  all.goal.Lesson7.CustomLogger - Ищем элемент по локатору By.xpath: //*[contains(@class,'ty-btn ty-btn__primary')]/span[.='Корзина']/.
12:55:03.644 [main] INFO  all.goal.Lesson7.CustomLogger - Ищем элемент по локатору By.xpath: //*[contains(@class,'ty-btn ty-btn__primary')]/span[.='Корзина']/.
12:55:04.176 [main] INFO  all.goal.Lesson7.CustomLogger - Ищем элемент по локатору By.xpath: //*[contains(@class,'ty-btn ty-btn__primary')]/span[.='Корзина']/.
12:55:04.714 [main] INFO  all.goal.Lesson7.CustomLogger - Ищем элемент по локатору By.xpath: //*[contains(@class,'ty-btn ty-btn__primary')]/span[.='Корзина']/.
12:55:04.745 [main] INFO  all.goal.Lesson7.CustomLogger - Ищем элемент по локатору By.xpath: //*[contains(@class,'ty-btn ty-btn__primary')]/span[.='Корзина']/.
]]></system-out>
    <system-err><![CDATA[Starting ChromeDriver 100.0.4896.60 (6a5d10861ce8de5fce22564658033b43cb7de047-refs/branch-heads/4896@{#875}) on port 55354
Only local connections are allowed.
Please see https://chromedriver.chromium.org/security-considerations for suggestions on keeping ChromeDriver safe.
ChromeDriver was started successfully.
апр. 11, 2022 12:52:44 PM org.openqa.selenium.remote.ProtocolHandshake createSession
INFO: Detected dialect: W3C
апр. 11, 2022 12:52:44 PM org.openqa.selenium.devtools.CdpVersionFinder findNearestMatch
WARNING: Unable to find an exact match for CDP version 100, so returning the closest version found: 97
апр. 11, 2022 12:52:44 PM org.openqa.selenium.devtools.CdpVersionFinder findNearestMatch
INFO: Found CDP implementation for version 100 of 97
]]></system-err>
  </testcase>
</testsuite>